<!DOCTYPE html>
<html>
<head>
<meta http-equiv="Content-Type" content="text/html; charset=utf-8"/>
<meta http-equiv="x-ua-compatible" content="IE=edge"/>
<title>Test results - Class Reservation Code</title>
<link href="../css/base-style.css" rel="stylesheet" type="text/css"/>
<link href="../css/style.css" rel="stylesheet" type="text/css"/>
<script src="../js/report.js" type="text/javascript"></script>
</head>
<body>
<div id="content">
<h1>Class Reservation Code</h1>
<div class="breadcrumbs">
<a href="../index.html">all</a> &gt; 
<a href="../packages/default-package.html">default-package</a> &gt; Reservation Code</div>
<div id="summary">
<table>
<tr>
<td>
<div class="summaryGroup">
<table>
<tr>
<td>
<div class="infoBox" id="tests">
<div class="counter">1</div>
<p>tests</p>
</div>
</td>
<td>
<div class="infoBox" id="failures">
<div class="counter">1</div>
<p>failures</p>
</div>
</td>
<td>
<div class="infoBox" id="ignored">
<div class="counter">0</div>
<p>ignored</p>
</div>
</td>
<td>
<div class="infoBox" id="duration">
<div class="counter">21.480s</div>
<p>duration</p>
</div>
</td>
</tr>
</table>
</div>
</td>
<td>
<div class="infoBox failures" id="successRate">
<div class="percent">0%</div>
<p>successful</p>
</div>
</td>
</tr>
</table>
</div>
<div id="tabs">
<ul class="tabLinks">
<li>
<a href="#tab0">Failed tests</a>
</li>
<li>
<a href="#tab1">Tests</a>
</li>
<li>
<a href="#tab2">Standard output</a>
</li>
<li>
<a href="#tab3">Standard error</a>
</li>
</ul>
<div id="tab0" class="tab">
<h2>Failed tests</h2>
<div class="test">
<a name="Search Reservation Code"></a>
<h3 class="failures">Search Reservation Code</h3>
<span class="code">
<pre>java.lang.AssertionError: 1
	at net.serenitybdd.screenplay.ErrorTally.throwSummaryExceptionFrom(ErrorTally.java:36)
	at net.serenitybdd.screenplay.ErrorTally.reportAnyErrors(ErrorTally.java:30)
	at net.serenitybdd.screenplay.Actor.should(Actor.java:301)
	at co.com.choucair.certification.RetoLatam.stepdefinitions.LatamStepDefinitions.validateTheSizeOfReservationCode(LatamStepDefinitions.java:37)
	at ✽.validate the size 5 of reservation code(src/test/resources/features/latamReto.feature:13)
</pre>
</span>
</div>
</div>
<div id="tab1" class="tab">
<h2>Tests</h2>
<table>
<thead>
<tr>
<th>Test</th>
<th>Duration</th>
<th>Result</th>
</tr>
</thead>
<tr>
<td class="failures">Search Reservation Code</td>
<td class="failures">21.480s</td>
<td class="failures">failed</td>
</tr>
</table>
</div>
<div id="tab2" class="tab">
<h2>Standard output</h2>
<span class="code">
<pre>Es un código de 6 letras, por ejemplo, VBCDGG.

Búscalo en el email de confirmación que te mandamos al momento de la compra.
1
Es un código de 6 letras, por ejemplo, VBCDGG.

Búscalo en el email de confirmación que te mandamos al momento de la compra.
</pre>
</span>
</div>
<div id="tab3" class="tab">
<h2>Standard error</h2>
<span class="code">
<pre>[Test worker] WARN net.thucydides.core.steps.BaseStepListener - stepStarted: net.thucydides.core.steps.ExecutedStepDescription@9e1a6da
[Test worker] WARN net.thucydides.core.steps.BaseStepListener - stepStarted: net.thucydides.core.steps.ExecutedStepDescription@21af38a9
[Test worker] WARN net.thucydides.core.steps.BaseStepListener - stepStarted: net.thucydides.core.steps.ExecutedStepDescription@15b5241b
dic 02, 2020 7:17:51 AM org.openqa.selenium.remote.DesiredCapabilities chrome
INFORMACIÓN: Using `new ChromeOptions()` is preferred to `DesiredCapabilities.chrome()`
[Test worker] INFO net.serenitybdd.core.webdriver.driverproviders.ProvideNewDriver - Instantiating driver
[Test worker] INFO net.serenitybdd.core.webdriver.driverproviders.ProvideNewDriver - Driver capabilities: Capabilities {acceptInsecureCerts: false, browserName: chrome, chrome.switches: --start-maximized, goog:chromeOptions: {args: [--start-maximized], extensions: []}, loggingPrefs: org.openqa.selenium.logging..., platform: ANY, version: }
Starting ChromeDriver 86.0.4240.22 (398b0743353ff36fb1b82468f63a3a93b4e2e89e-refs/branch-heads/4240@{#378}) on port 27817
Only local connections are allowed.
Please see https://chromedriver.chromium.org/security-considerations for suggestions on keeping ChromeDriver safe.
ChromeDriver was started successfully.
[1606911474.653][WARNING]: This version of ChromeDriver has not been tested with Chrome version 87.
dic 02, 2020 7:17:56 AM org.openqa.selenium.remote.ProtocolHandshake createSession
INFORMACIÓN: Detected dialect: W3C
[Test worker] WARN net.thucydides.core.steps.BaseStepListener - stepFinished: current outcome:Search Reservation Code:Given than Ana wants enter the Latam page [Ana open up [Ana opens the Latam page]]
[Test worker] WARN net.thucydides.core.steps.BaseStepListener - stepFinished: current outcome:Search Reservation Code:Given than Ana wants enter the Latam page [Ana open up [Ana opens the Latam page]]
[Test worker] WARN net.thucydides.core.steps.BaseStepListener - stepStarted: net.thucydides.core.steps.ExecutedStepDescription@1ed76ae6
[Test worker] WARN net.thucydides.core.steps.BaseStepListener - stepStarted: net.thucydides.core.steps.ExecutedStepDescription@6736e537
[Test worker] WARN net.thucydides.core.steps.BaseStepListener - stepFinished: current outcome:Search Reservation Code:Given than Ana wants enter the Latam page [Ana open up [Ana opens the Latam page], Ana my trips [Ana clicks on My Trips]]
[Test worker] WARN net.thucydides.core.steps.BaseStepListener - stepFinished: current outcome:Search Reservation Code:Given than Ana wants enter the Latam page [Ana open up [Ana opens the Latam page], Ana my trips [Ana clicks on My Trips]]
[Test worker] WARN net.thucydides.core.steps.BaseStepListener - stepFinished: current outcome:Search Reservation Code:Given than Ana wants enter the Latam page [Ana open up [Ana opens the Latam page], Ana my trips [Ana clicks on My Trips]]
[Test worker] WARN net.thucydides.core.steps.BaseStepListener - stepStarted: net.thucydides.core.steps.ExecutedStepDescription@3a7932ce
[Test worker] WARN net.thucydides.core.steps.BaseStepListener - stepStarted: net.thucydides.core.steps.ExecutedStepDescription@187e4a2a
[Test worker] WARN net.thucydides.core.steps.BaseStepListener - stepStarted: net.thucydides.core.steps.ExecutedStepDescription@247c908d
[Test worker] WARN net.thucydides.core.steps.BaseStepListener - stepFinished: current outcome:Search Reservation Code:Given than Ana wants enter the Latam page [Ana open up [Ana opens the Latam page], Ana my trips [Ana clicks on My Trips]], When she enter where to find them [Ana data trip [Ana clicks on Data the trip]]
[Test worker] WARN net.thucydides.core.steps.BaseStepListener - stepFinished: current outcome:Search Reservation Code:Given than Ana wants enter the Latam page [Ana open up [Ana opens the Latam page], Ana my trips [Ana clicks on My Trips]], When she enter where to find them [Ana data trip [Ana clicks on Data the trip]]
[Test worker] WARN net.thucydides.core.steps.BaseStepListener - stepStarted: net.thucydides.core.steps.ExecutedStepDescription@b9925dc
[Test worker] WARN net.thucydides.core.steps.BaseStepListener - stepStarted: net.thucydides.core.steps.ExecutedStepDescription@2475d186
[Test worker] WARN net.thucydides.core.steps.BaseStepListener - stepFinished: current outcome:Search Reservation Code:Given than Ana wants enter the Latam page [Ana open up [Ana opens the Latam page], Ana my trips [Ana clicks on My Trips]], When she enter where to find them [Ana data trip [Ana clicks on Data the trip], Ana link code [Ana clicks on Link the code]]
[Test worker] WARN net.thucydides.core.steps.BaseStepListener - stepFinished: current outcome:Search Reservation Code:Given than Ana wants enter the Latam page [Ana open up [Ana opens the Latam page], Ana my trips [Ana clicks on My Trips]], When she enter where to find them [Ana data trip [Ana clicks on Data the trip], Ana link code [Ana clicks on Link the code]]
[Test worker] WARN net.thucydides.core.steps.BaseStepListener - stepFinished: current outcome:Search Reservation Code:Given than Ana wants enter the Latam page [Ana open up [Ana opens the Latam page], Ana my trips [Ana clicks on My Trips]], When she enter where to find them [Ana data trip [Ana clicks on Data the trip], Ana link code [Ana clicks on Link the code]]
[Test worker] WARN net.thucydides.core.steps.BaseStepListener - stepStarted: net.thucydides.core.steps.ExecutedStepDescription@20b9be4c
[Test worker] WARN net.thucydides.core.steps.BaseStepListener - stepStarted: net.thucydides.core.steps.ExecutedStepDescription@9b025d3
[Test worker] WARN net.thucydides.core.steps.BaseStepListener - testFinished: Search Reservation Code:Given than Ana wants enter the Latam page [Ana open up [Ana opens the Latam page], Ana my trips [Ana clicks on My Trips]], When she enter where to find them [Ana data trip [Ana clicks on Data the trip], Ana link code [Ana clicks on Link the code]], Then validate the size 5 of reservation code [Then answer]
[Test worker] WARN net.thucydides.core.steps.BaseStepListener - TestOutcomes: [Search Reservation Code:Given than Ana wants enter the Latam page [Ana open up [Ana opens the Latam page], Ana my trips [Ana clicks on My Trips]], When she enter where to find them [Ana data trip [Ana clicks on Data the trip], Ana link code [Ana clicks on Link the code]], Then validate the size 5 of reservation code [Then answer]]
[Test worker] WARN net.thucydides.core.steps.BaseStepListener - Final testOutcomes: [Search Reservation Code:Given than Ana wants enter the Latam page [Ana open up [Ana opens the Latam page], Ana my trips [Ana clicks on My Trips]], When she enter where to find them [Ana data trip [Ana clicks on Data the trip], Ana link code [Ana clicks on Link the code]], Then validate the size 5 of reservation code [Then answer]]
[Test worker] ERROR net.thucydides.core.steps.ConsoleLoggingListener - 
           __  _____ _____ ____ _____   _____ _    ___ _     _____ ____  
  _       / / |_   _| ____/ ___|_   _| |  ___/ \  |_ _| |   | ____|  _ \ 
 (_)_____| |    | | |  _| \___ \ | |   | |_ / _ \  | || |   |  _| | | | |
  _|_____| |    | | | |___ ___) || |   |  _/ ___ \ | || |___| |___| |_| |
 (_)     | |    |_| |_____|____/ |_|   |_|/_/   \_\___|_____|_____|____/ 
          \_\                                                            

TEST FAILED WITH ERROR: Search Reservation Code
---------------------------------------------------------------------
[Test worker] ERROR net.thucydides.core.steps.ConsoleLoggingListener - TEST FAILED AT STEP Then answer
[Test worker] ERROR net.thucydides.core.steps.ConsoleLoggingListener - 1
</pre>
</span>
</div>
</div>
<div id="footer">
<p>
<div>
<label class="hidden" id="label-for-line-wrapping-toggle" for="line-wrapping-toggle">Wrap lines
<input id="line-wrapping-toggle" type="checkbox" autocomplete="off"/>
</label>
</div>Generated by 
<a href="http://www.gradle.org">Gradle 6.3</a> at 2/12/2020 07:18:13 AM</p>
</div>
</div>
</body>
</html>
